Determining if the pthread_create exist failed with the following output:
Change Dir: /home/absinthetoxin/CrazyOverdose/lab01/lab-01-parser/cmake-build-debug/CMakeFiles/CMakeTmp

Run Build Command(s):/usr/bin/make cmTC_4c0e8/fast 
/usr/bin/make -f CMakeFiles/cmTC_4c0e8.dir/build.make CMakeFiles/cmTC_4c0e8.dir/build
make[1]: вход в каталог «/home/absinthetoxin/CrazyOverdose/lab01/lab-01-parser/cmake-build-debug/CMakeFiles/CMakeTmp»
Building C object CMakeFiles/cmTC_4c0e8.dir/CheckSymbolExists.c.o
/usr/bin/cc    -o CMakeFiles/cmTC_4c0e8.dir/CheckSymbolExists.c.o   -c /home/absinthetoxin/CrazyOverdose/lab01/lab-01-parser/cmake-build-debug/CMakeFiles/CMakeTmp/CheckSymbolExists.c
Linking C executable cmTC_4c0e8
/home/absinthetoxin/CrazyOverdose/clion-2019.2.2/bin/cmake/linux/bin/cmake -E cmake_link_script CMakeFiles/cmTC_4c0e8.dir/link.txt --verbose=1
/usr/bin/cc      CMakeFiles/cmTC_4c0e8.dir/CheckSymbolExists.c.o  -o cmTC_4c0e8 
/usr/bin/ld: CMakeFiles/cmTC_4c0e8.dir/CheckSymbolExists.c.o: in function `main':
CheckSymbolExists.c:(.text+0x1b): undefined reference to `pthread_create'
collect2: ошибка: выполнение ld завершилось с кодом возврата 1
make[1]: *** [CMakeFiles/cmTC_4c0e8.dir/build.make:87: cmTC_4c0e8] Ошибка 1
make[1]: выход из каталога «/home/absinthetoxin/CrazyOverdose/lab01/lab-01-parser/cmake-build-debug/CMakeFiles/CMakeTmp»
make: *** [Makefile:121: cmTC_4c0e8/fast] Ошибка 2

File /home/absinthetoxin/CrazyOverdose/lab01/lab-01-parser/cmake-build-debug/CMakeFiles/CMakeTmp/CheckSymbolExists.c:
/* */
#include <pthread.h>

int main(int argc, char** argv)
{
  (void)argv;
#ifndef pthread_create
  return ((int*)(&pthread_create))[argc];
#else
  (void)argc;
  return 0;
#endif
}

