Performing C SOURCE FILE Test CMAKE_HAVE_LIBC_PTHREAD failed with the following output:
Change Dir: /home/absinthetoxin/lab-01-parser/.build/CMakeFiles/CMakeTmp

Run Build Command(s):/usr/bin/make cmTC_61d43/fast && /usr/bin/make -f CMakeFiles/cmTC_61d43.dir/build.make CMakeFiles/cmTC_61d43.dir/build
make[1]: вход в каталог «/home/absinthetoxin/lab-01-parser/.build/CMakeFiles/CMakeTmp»
Building C object CMakeFiles/cmTC_61d43.dir/src.c.o
/usr/bin/cc   -DCMAKE_HAVE_LIBC_PTHREAD   -o CMakeFiles/cmTC_61d43.dir/src.c.o   -c /home/absinthetoxin/lab-01-parser/.build/CMakeFiles/CMakeTmp/src.c
Linking C executable cmTC_61d43
/usr/bin/cmake -E cmake_link_script CMakeFiles/cmTC_61d43.dir/link.txt --verbose=1
/usr/bin/cc  -DCMAKE_HAVE_LIBC_PTHREAD    CMakeFiles/cmTC_61d43.dir/src.c.o  -o cmTC_61d43 
/usr/bin/ld: CMakeFiles/cmTC_61d43.dir/src.c.o: in function `main':
src.c:(.text+0x3e): undefined reference to `pthread_create'
/usr/bin/ld: src.c:(.text+0x4a): undefined reference to `pthread_detach'
/usr/bin/ld: src.c:(.text+0x5b): undefined reference to `pthread_join'
collect2: ошибка: выполнение ld завершилось с кодом возврата 1
make[1]: *** [CMakeFiles/cmTC_61d43.dir/build.make:87: cmTC_61d43] Ошибка 1
make[1]: выход из каталога «/home/absinthetoxin/lab-01-parser/.build/CMakeFiles/CMakeTmp»
make: *** [Makefile:121: cmTC_61d43/fast] Ошибка 2


Source file was:
#include <pthread.h>

void* test_func(void* data)
{
  return data;
}

int main(void)
{
  pthread_t thread;
  pthread_create(&thread, NULL, test_func, NULL);
  pthread_detach(thread);
  pthread_join(thread, NULL);
  pthread_atfork(NULL, NULL, NULL);
  pthread_exit(NULL);

  return 0;
}

